INFO 2025-06-01 22:15:29,246 autoreload 62428 16084 Watching for file changes with StatReloader
WARNING 2025-06-01 22:15:41,839 log 62428 36972 Not Found: /
WARNING 2025-06-01 22:15:41,840 basehttp 62428 36972 "GET / HTTP/1.1" 404 2956
INFO 2025-06-01 22:15:46,124 basehttp 62428 36972 "GET /admin HTTP/1.1" 301 0
INFO 2025-06-01 22:15:46,197 basehttp 62428 95116 "GET /admin/ HTTP/1.1" 302 0
INFO 2025-06-01 22:15:46,234 basehttp 62428 95116 "GET /admin/login/?next=/admin/ HTTP/1.1" 200 4251
INFO 2025-06-01 22:15:46,436 basehttp 62428 23252 "GET /static/admin/css/dark_mode.css HTTP/1.1" 200 2808
INFO 2025-06-01 22:15:46,436 basehttp 62428 95116 "GET /static/admin/css/base.css HTTP/1.1" 200 22120
INFO 2025-06-01 22:15:46,436 basehttp 62428 72568 "GET /static/admin/css/nav_sidebar.css HTTP/1.1" 200 2810
INFO 2025-06-01 22:15:46,441 basehttp 62428 98196 "GET /static/admin/js/theme.js HTTP/1.1" 200 1653
INFO 2025-06-01 22:15:46,442 basehttp 62428 27444 "GET /static/admin/css/responsive.css HTTP/1.1" 200 16565
INFO 2025-06-01 22:15:46,443 basehttp 62428 53688 "GET /static/admin/css/login.css HTTP/1.1" 200 951
INFO 2025-06-01 22:15:46,449 basehttp 62428 27444 "GET /static/admin/js/nav_sidebar.js HTTP/1.1" 200 3063
INFO 2025-06-01 22:15:56,658 basehttp 62428 27444 "POST /admin/login/?next=/admin/ HTTP/1.1" 200 4498
INFO 2025-06-01 22:16:00,251 basehttp 62428 27444 "POST /admin/login/?next=/admin/ HTTP/1.1" 200 4498
INFO 2025-06-01 22:16:08,445 basehttp 62428 27444 "POST /admin/login/?next=/admin/ HTTP/1.1" 200 4498
INFO 2025-06-01 22:16:17,872 basehttp 62428 80520 "GET /admin/ HTTP/1.1" 302 0
INFO 2025-06-01 22:16:17,877 basehttp 62428 80520 "GET /admin/login/?next=/admin/ HTTP/1.1" 200 4251
INFO 2025-06-01 22:16:17,924 basehttp 62428 28396 "GET /static/admin/css/dark_mode.css HTTP/1.1" 304 0
INFO 2025-06-01 22:16:17,924 basehttp 62428 80520 "GET /static/admin/css/base.css HTTP/1.1" 304 0
INFO 2025-06-01 22:16:17,926 basehttp 62428 28396 "GET /static/admin/css/nav_sidebar.css HTTP/1.1" 304 0
INFO 2025-06-01 22:16:17,927 basehttp 62428 80520 "GET /static/admin/css/login.css HTTP/1.1" 304 0
INFO 2025-06-01 22:16:17,931 basehttp 62428 28396 "GET /static/admin/css/responsive.css HTTP/1.1" 304 0
INFO 2025-06-01 22:16:17,932 basehttp 62428 80520 "GET /static/admin/js/theme.js HTTP/1.1" 304 0
INFO 2025-06-01 22:16:18,098 basehttp 62428 80520 "GET /static/admin/js/nav_sidebar.js HTTP/1.1" 304 0
INFO 2025-06-01 22:16:22,145 basehttp 62428 80520 "POST /admin/login/?next=/admin/ HTTP/1.1" 200 4498
INFO 2025-06-01 22:17:09,123 autoreload 93716 52444 Watching for file changes with StatReloader
INFO 2025-06-01 22:17:12,506 basehttp 93716 23192 "POST /admin/login/?next=/admin/ HTTP/1.1" 302 0
INFO 2025-06-01 22:17:12,678 basehttp 93716 23192 "GET /admin/ HTTP/1.1" 200 29535
INFO 2025-06-01 22:17:12,728 basehttp 93716 23192 "GET /static/admin/css/dashboard.css HTTP/1.1" 304 0
INFO 2025-06-01 22:17:20,055 basehttp 93716 23192 "GET /admin/django_celery_beat/crontabschedule/ HTTP/1.1" 200 24986
INFO 2025-06-01 22:17:20,101 basehttp 93716 23192 "GET /static/admin/css/changelists.css HTTP/1.1" 304 0
INFO 2025-06-01 22:17:20,168 basehttp 93716 23192 "GET /static/admin/js/filters.js HTTP/1.1" 304 0
INFO 2025-06-01 22:17:20,221 basehttp 93716 40624 "GET /admin/jsi18n/ HTTP/1.1" 200 8634
INFO 2025-06-01 22:17:20,235 basehttp 93716 40624 "GET /static/admin/img/tooltag-add.svg HTTP/1.1" 304 0
INFO 2025-06-01 22:17:24,461 basehttp 93716 40624 "GET /admin/django_celery_beat/crontabschedule/add/ HTTP/1.1" 200 69133
INFO 2025-06-01 22:17:24,482 basehttp 93716 40624 "GET /static/admin/css/forms.css HTTP/1.1" 304 0
INFO 2025-06-01 22:17:24,573 basehttp 93716 23192 "GET /admin/jsi18n/ HTTP/1.1" 200 8634
INFO 2025-06-01 22:17:24,588 basehttp 93716 23192 "GET /static/admin/css/widgets.css HTTP/1.1" 304 0
INFO 2025-06-01 22:17:33,684 basehttp 93716 23192 "GET /admin/core/domaine/ HTTP/1.1" 200 29297
INFO 2025-06-01 22:17:33,709 basehttp 93716 40624 "GET /static/admin/img/search.svg HTTP/1.1" 304 0
INFO 2025-06-01 22:17:33,787 basehttp 93716 23192 "GET /admin/jsi18n/ HTTP/1.1" 200 8634
INFO 2025-06-01 22:17:37,458 basehttp 93716 23192 "GET /admin/academics/configurationevaluationec/ HTTP/1.1" 200 62475
INFO 2025-06-01 22:17:37,670 basehttp 93716 23192 "GET /admin/jsi18n/ HTTP/1.1" 200 8634
INFO 2025-06-01 22:17:48,537 basehttp 93716 23192 "GET /admin/core/domaine/ HTTP/1.1" 200 29297
INFO 2025-06-01 22:17:48,663 basehttp 93716 23192 "GET /admin/jsi18n/ HTTP/1.1" 200 8634
INFO 2025-06-01 22:17:53,299 basehttp 93716 23192 "GET /admin/users/etudiant/ HTTP/1.1" 200 57454
INFO 2025-06-01 22:17:53,413 basehttp 93716 23192 "GET /admin/jsi18n/ HTTP/1.1" 200 8634
INFO 2025-06-01 22:18:10,765 basehttp 93716 23192 "GET /admin/academics/classe/ HTTP/1.1" 200 35666
INFO 2025-06-01 22:18:10,884 basehttp 93716 23192 "GET /admin/jsi18n/ HTTP/1.1" 200 8634
ERROR 2025-06-01 22:18:16,934 log 93716 23192 Internal Server Error: /admin/academics/ec/
Traceback (most recent call last):
  File "C:\Users\tefba\Desktop\OverBrand\acadflow\acadflow_env\Lib\site-packages\django\db\models\options.py", line 683, in get_field
    return self.fields_map[field_name]
           ~~~~~~~~~~~~~~~^^^^^^^^^^^^
KeyError: 'total_pourcentage_eval'

During handling of the above exception, another exception occurred:

Traceback (most recent call last):
  File "C:\Users\tefba\Desktop\OverBrand\acadflow\acadflow_env\Lib\site-packages\django\contrib\admin\utils.py", line 290, in lookup_field
    f = _get_non_gfk_field(opts, name)
  File "C:\Users\tefba\Desktop\OverBrand\acadflow\acadflow_env\Lib\site-packages\django\contrib\admin\utils.py", line 330, in _get_non_gfk_field
    field = opts.get_field(name)
  File "C:\Users\tefba\Desktop\OverBrand\acadflow\acadflow_env\Lib\site-packages\django\db\models\options.py", line 685, in get_field
    raise FieldDoesNotExist(
        "%s has no field named '%s'" % (self.object_name, field_name)
    )
django.core.exceptions.FieldDoesNotExist: EC has no field named 'total_pourcentage_eval'

During handling of the above exception, another exception occurred:

Traceback (most recent call last):
  File "C:\Users\tefba\Desktop\OverBrand\acadflow\acadflow_env\Lib\site-packages\django\core\handlers\exception.py", line 55, in inner
    response = get_response(request)
  File "C:\Users\tefba\Desktop\OverBrand\acadflow\acadflow_env\Lib\site-packages\django\core\handlers\base.py", line 220, in _get_response
    response = response.render()
  File "C:\Users\tefba\Desktop\OverBrand\acadflow\acadflow_env\Lib\site-packages\django\template\response.py", line 114, in render
    self.content = self.rendered_content
                   ^^^^^^^^^^^^^^^^^^^^^
  File "C:\Users\tefba\Desktop\OverBrand\acadflow\acadflow_env\Lib\site-packages\django\template\response.py", line 92, in rendered_content
    return template.render(context, self._request)
           ~~~~~~~~~~~~~~~^^^^^^^^^^^^^^^^^^^^^^^^
  File "C:\Users\tefba\Desktop\OverBrand\acadflow\acadflow_env\Lib\site-packages\django\template\backends\django.py", line 107, in render
    return self.template.render(context)
           ~~~~~~~~~~~~~~~~~~~~^^^^^^^^^
  File "C:\Users\tefba\Desktop\OverBrand\acadflow\acadflow_env\Lib\site-packages\django\template\base.py", line 171, in render
    return self._render(context)
           ~~~~~~~~~~~~^^^^^^^^^
  File "C:\Users\tefba\Desktop\OverBrand\acadflow\acadflow_env\Lib\site-packages\django\template\base.py", line 163, in _render
    return self.nodelist.render(context)
           ~~~~~~~~~~~~~~~~~~~~^^^^^^^^^
  File "C:\Users\tefba\Desktop\OverBrand\acadflow\acadflow_env\Lib\site-packages\django\template\base.py", line 1016, in render
    return SafeString("".join([node.render_annotated(context) for node in self]))
                               ~~~~~~~~~~~~~~~~~~~~~^^^^^^^^^
  File "C:\Users\tefba\Desktop\OverBrand\acadflow\acadflow_env\Lib\site-packages\django\template\base.py", line 977, in render_annotated
    return self.render(context)
           ~~~~~~~~~~~^^^^^^^^^
  File "C:\Users\tefba\Desktop\OverBrand\acadflow\acadflow_env\Lib\site-packages\django\template\loader_tags.py", line 159, in render
    return compiled_parent._render(context)
           ~~~~~~~~~~~~~~~~~~~~~~~^^^^^^^^^
  File "C:\Users\tefba\Desktop\OverBrand\acadflow\acadflow_env\Lib\site-packages\django\template\base.py", line 163, in _render
    return self.nodelist.render(context)
           ~~~~~~~~~~~~~~~~~~~~^^^^^^^^^
  File "C:\Users\tefba\Desktop\OverBrand\acadflow\acadflow_env\Lib\site-packages\django\template\base.py", line 1016, in render
    return SafeString("".join([node.render_annotated(context) for node in self]))
                               ~~~~~~~~~~~~~~~~~~~~~^^^^^^^^^
  File "C:\Users\tefba\Desktop\OverBrand\acadflow\acadflow_env\Lib\site-packages\django\template\base.py", line 977, in render_annotated
    return self.render(context)
           ~~~~~~~~~~~^^^^^^^^^
  File "C:\Users\tefba\Desktop\OverBrand\acadflow\acadflow_env\Lib\site-packages\django\template\loader_tags.py", line 159, in render
    return compiled_parent._render(context)
           ~~~~~~~~~~~~~~~~~~~~~~~^^^^^^^^^
  File "C:\Users\tefba\Desktop\OverBrand\acadflow\acadflow_env\Lib\site-packages\django\template\base.py", line 163, in _render
    return self.nodelist.render(context)
           ~~~~~~~~~~~~~~~~~~~~^^^^^^^^^
  File "C:\Users\tefba\Desktop\OverBrand\acadflow\acadflow_env\Lib\site-packages\django\template\base.py", line 1016, in render
    return SafeString("".join([node.render_annotated(context) for node in self]))
                               ~~~~~~~~~~~~~~~~~~~~~^^^^^^^^^
  File "C:\Users\tefba\Desktop\OverBrand\acadflow\acadflow_env\Lib\site-packages\django\template\base.py", line 977, in render_annotated
    return self.render(context)
           ~~~~~~~~~~~^^^^^^^^^
  File "C:\Users\tefba\Desktop\OverBrand\acadflow\acadflow_env\Lib\site-packages\django\template\loader_tags.py", line 65, in render
    result = block.nodelist.render(context)
  File "C:\Users\tefba\Desktop\OverBrand\acadflow\acadflow_env\Lib\site-packages\django\template\base.py", line 1016, in render
    return SafeString("".join([node.render_annotated(context) for node in self]))
                               ~~~~~~~~~~~~~~~~~~~~~^^^^^^^^^
  File "C:\Users\tefba\Desktop\OverBrand\acadflow\acadflow_env\Lib\site-packages\django\template\base.py", line 977, in render_annotated
    return self.render(context)
           ~~~~~~~~~~~^^^^^^^^^
  File "C:\Users\tefba\Desktop\OverBrand\acadflow\acadflow_env\Lib\site-packages\django\template\loader_tags.py", line 65, in render
    result = block.nodelist.render(context)
  File "C:\Users\tefba\Desktop\OverBrand\acadflow\acadflow_env\Lib\site-packages\django\template\base.py", line 1016, in render
    return SafeString("".join([node.render_annotated(context) for node in self]))
                               ~~~~~~~~~~~~~~~~~~~~~^^^^^^^^^
  File "C:\Users\tefba\Desktop\OverBrand\acadflow\acadflow_env\Lib\site-packages\django\template\base.py", line 977, in render_annotated
    return self.render(context)
           ~~~~~~~~~~~^^^^^^^^^
  File "C:\Users\tefba\Desktop\OverBrand\acadflow\acadflow_env\Lib\site-packages\django\contrib\admin\templatetags\base.py", line 45, in render
    return super().render(context)
           ~~~~~~~~~~~~~~^^^^^^^^^
  File "C:\Users\tefba\Desktop\OverBrand\acadflow\acadflow_env\Lib\site-packages\django\template\library.py", line 359, in render
    _dict = self.func(*resolved_args, **resolved_kwargs)
  File "C:\Users\tefba\Desktop\OverBrand\acadflow\acadflow_env\Lib\site-packages\django\contrib\admin\templatetags\admin_list.py", line 354, in result_list
    "results": list(results(cl)),
               ~~~~^^^^^^^^^^^^^
  File "C:\Users\tefba\Desktop\OverBrand\acadflow\acadflow_env\Lib\site-packages\django\contrib\admin\templatetags\admin_list.py", line 327, in results
    yield ResultList(form, items_for_result(cl, res, form))
          ~~~~~~~~~~^^^^^^^^^^^^^^^^^^^^^^^^^^^^^^^^^^^^^^^
  File "C:\Users\tefba\Desktop\OverBrand\acadflow\acadflow_env\Lib\site-packages\django\contrib\admin\templatetags\admin_list.py", line 321, in __init__
    super().__init__(*items)
    ~~~~~~~~~~~~~~~~^^^^^^^^
  File "C:\Users\tefba\Desktop\OverBrand\acadflow\acadflow_env\Lib\site-packages\django\contrib\admin\templatetags\admin_list.py", line 219, in items_for_result
    f, attr, value = lookup_field(field_name, result, cl.model_admin)
                     ~~~~~~~~~~~~^^^^^^^^^^^^^^^^^^^^^^^^^^^^^^^^^^^^
  File "C:\Users\tefba\Desktop\OverBrand\acadflow\acadflow_env\Lib\site-packages\django\contrib\admin\utils.py", line 299, in lookup_field
    value = attr(obj)
  File "C:\Users\tefba\Desktop\OverBrand\acadflow\acadflow_backend\academics\admin.py", line 181, in total_pourcentage_eval
    return format_html(
        '<span style="color: {};">{:.1f}%</span>',
        color, total
    )
  File "C:\Users\tefba\Desktop\OverBrand\acadflow\acadflow_env\Lib\site-packages\django\utils\html.py", line 145, in format_html
    return mark_safe(format_string.format(*args_safe, **kwargs_safe))
                     ~~~~~~~~~~~~~~~~~~~~^^^^^^^^^^^^^^^^^^^^^^^^^^^
ValueError: Unknown format code 'f' for object of type 'SafeString'
ERROR 2025-06-01 22:18:16,952 basehttp 93716 23192 "GET /admin/academics/ec/ HTTP/1.1" 500 414109
INFO 2025-06-02 07:37:03,188 autoreload 4388 16804 Watching for file changes with StatReloader
INFO 2025-06-02 07:37:12,590 basehttp 4388 15076 "GET /admin/ HTTP/1.1" 200 29535
INFO 2025-06-02 07:37:12,629 basehttp 4388 17536 "GET /static/admin/css/nav_sidebar.css HTTP/1.1" 304 0
INFO 2025-06-02 07:37:12,631 basehttp 4388 20236 "GET /static/admin/css/dark_mode.css HTTP/1.1" 304 0
INFO 2025-06-02 07:37:12,632 basehttp 4388 15076 "GET /static/admin/css/base.css HTTP/1.1" 304 0
INFO 2025-06-02 07:37:12,634 basehttp 4388 15076 "GET /static/admin/css/dashboard.css HTTP/1.1" 304 0
INFO 2025-06-02 07:37:12,634 basehttp 4388 20236 "GET /static/admin/js/theme.js HTTP/1.1" 304 0
INFO 2025-06-02 07:37:12,634 basehttp 4388 17536 "GET /static/admin/css/responsive.css HTTP/1.1" 304 0
INFO 2025-06-02 07:37:12,811 basehttp 4388 15076 "GET /static/admin/js/nav_sidebar.js HTTP/1.1" 304 0
WARNING 2025-06-02 07:37:13,338 log 4388 15076 Not Found: /favicon.ico
WARNING 2025-06-02 07:37:13,340 basehttp 4388 15076 "GET /favicon.ico HTTP/1.1" 404 3007
INFO 2025-06-02 07:37:19,582 basehttp 4388 15076 "GET /admin/academics/ue/ HTTP/1.1" 200 27471
INFO 2025-06-02 07:37:19,610 basehttp 4388 17536 "GET /static/admin/css/forms.css HTTP/1.1" 304 0
INFO 2025-06-02 07:37:19,611 basehttp 4388 15076 "GET /static/admin/css/changelists.css HTTP/1.1" 304 0
INFO 2025-06-02 07:37:19,616 basehttp 4388 15076 "GET /static/admin/img/search.svg HTTP/1.1" 304 0
INFO 2025-06-02 07:37:19,675 basehttp 4388 15076 "GET /static/admin/css/widgets.css HTTP/1.1" 304 0
INFO 2025-06-02 07:37:19,677 basehttp 4388 20236 "GET /admin/jsi18n/ HTTP/1.1" 200 8634
INFO 2025-06-02 07:37:19,679 basehttp 4388 15076 "GET /static/admin/js/filters.js HTTP/1.1" 304 0
INFO 2025-06-02 07:37:19,702 basehttp 4388 15076 "GET /static/admin/img/tooltag-add.svg HTTP/1.1" 304 0
INFO 2025-06-02 07:37:21,915 basehttp 4388 15076 "GET /admin/academics/ue/add/ HTTP/1.1" 200 33494
INFO 2025-06-02 07:37:21,999 basehttp 4388 15076 "GET /admin/jsi18n/ HTTP/1.1" 200 8634
INFO 2025-06-02 07:37:52,824 basehttp 4388 15076 "GET /admin/core/niveau/ HTTP/1.1" 200 26519
INFO 2025-06-02 07:37:52,933 basehttp 4388 15076 "GET /admin/jsi18n/ HTTP/1.1" 200 8634
INFO 2025-06-02 07:37:54,598 basehttp 4388 15076 "GET /admin/core/niveau/add/ HTTP/1.1" 200 30257
INFO 2025-06-02 07:37:54,683 basehttp 4388 15076 "GET /admin/jsi18n/ HTTP/1.1" 200 8634
INFO 2025-06-02 07:38:11,216 basehttp 4388 15076 "GET /admin/core/cycle/ HTTP/1.1" 200 26524
INFO 2025-06-02 07:38:11,300 basehttp 4388 15076 "GET /admin/jsi18n/ HTTP/1.1" 200 8634
INFO 2025-06-02 07:38:13,418 basehttp 4388 15076 "GET /admin/core/cycle/add/ HTTP/1.1" 200 28537
INFO 2025-06-02 07:38:13,504 basehttp 4388 15076 "GET /admin/jsi18n/ HTTP/1.1" 200 8634
ERROR 2025-06-02 07:38:31,141 basehttp 4388 15076 "POST /admin/core/cycle/add/ HTTP/1.1" 500 157870
INFO 2025-06-02 07:38:43,461 basehttp 4388 15076 "GET /admin/core/cycle/add/ HTTP/1.1" 200 28745
INFO 2025-06-02 07:38:50,181 basehttp 4388 15076 "GET /admin/core/cycle/ HTTP/1.1" 200 26524
INFO 2025-06-02 07:38:50,283 basehttp 4388 15076 "GET /admin/jsi18n/ HTTP/1.1" 200 8634
INFO 2025-06-02 07:38:54,854 basehttp 4388 15076 "GET /admin/core/cycle/ HTTP/1.1" 200 26524
INFO 2025-06-02 07:38:54,938 basehttp 4388 15076 "GET /admin/jsi18n/ HTTP/1.1" 200 8634
INFO 2025-06-02 07:38:59,914 basehttp 4388 15076 "GET /admin/core/cycle/add/ HTTP/1.1" 200 28537
INFO 2025-06-02 07:39:00,011 basehttp 4388 15076 "GET /admin/jsi18n/ HTTP/1.1" 200 8634
INFO 2025-06-02 07:39:02,279 basehttp 4388 15076 "POST /admin/core/cycle/add/ HTTP/1.1" 200 29059
INFO 2025-06-02 07:39:02,363 basehttp 4388 15076 "GET /admin/jsi18n/ HTTP/1.1" 200 8634
ERROR 2025-06-02 07:39:14,989 basehttp 4388 15076 "POST /admin/core/cycle/add/ HTTP/1.1" 500 157874
INFO 2025-06-07 18:22:04,300 autoreload 59524 24664 Watching for file changes with StatReloader
INFO 2025-06-07 18:22:44,265 basehttp 59524 61288 "GET /admin/login/?next=/admin/ HTTP/1.1" 200 4251
INFO 2025-06-07 18:23:34,368 autoreload 41632 12408 Watching for file changes with StatReloader
